<?xml version="1.0" encoding="UTF-8" ?>
<testsuite tests="3" failures="0" name="org.elasticsearch.repository.oss.OssRepositoryTest" time="9.168" errors="0" skipped="0">
  <properties>
[...]
</properties>
  <testcase classname="org.elasticsearch.repository.oss.OssRepositoryTest" name="testMultipleSnapshotAndRollback" time="6.635"/>
  <testcase classname="org.elasticsearch.repository.oss.OssRepositoryTest" name="testIndicesDeletedFromRepository" time="0.909"/>
  <testcase classname="org.elasticsearch.repository.oss.OssRepositoryTest" name="testSnapshotAndRestore" time="1.624"/>
</testsuite>